<?xml version="1.0" encoding="UTF-8"?>
<testsuites name="TS01_Login_Tests" time="65.641" tests="3" failures="0" errors="0">
   <testsuite name="TS01_Login_Tests" tests="3" failures="0" errors="0" time="65.641" skipped="0" timestamp="18-12-2024T23:23:03" hostname="CompuMart - 192.168.47.1" id="Test Suites/TS01_Login_Tests">
      <properties>
         <property name="deviceName" value=""/>
         <property name="devicePlatform"/>
         <property name="logFolder" value="C:\\Users\\CompuMart\\Desktop\\4.1\\442Quality\\Quality Project\\Katalon\\Reports\\20241218_232258\\TS01_Login_Tests\\20241218_232258"/>
         <property name="logFiles" value="C:\\Users\\CompuMart\\Desktop\\4.1\\442Quality\\Quality Project\\Katalon\\Reports\\20241218_232258\\TS01_Login_Tests\\20241218_232258\\execution0.log"/>
         <property name="attachments" value=""/>
         <property name="hostName" value="CompuMart - 192.168.47.1"/>
         <property name="os" value="Windows 11 64bit"/>
         <property name="katalonVersion" value="10.0.1.223"/>
         <property name="browser" value="Chrome 131.0.0.0"/>
         <property name="hostAddress" value="192.168.47.1"/>
         <property name="sessionId" value="f10969f54d3febe59000d83fe6d74486"/>
         <property name="seleniumVersion" value="4.22.0"/>
         <property name="proxyInformation" value="ProxyInformation { proxyOption=NO_PROXY, proxyServerType=HTTP, username=, password=********, proxyServerAddress=, proxyServerPort=0, executionList=&quot;&quot;, isApplyToDesiredCapabilities=true }"/>
         <property name="platform" value="Windows 11"/>
      </properties>
      <testcase name="Test Cases/TC01_Login_Valid" time="20.485" classname="Test Cases/TC01_Login_Valid" status="PASSED">
         <system-out><![CDATA[18-12-2024T23:23:03 - [TEST_CASE][PASSED] - Test Cases/TC01_Login_Valid: Test Cases/TC01_Login_Valid

18-12-2024T23:23:03 - [TEST_STEP][PASSED] - openBrowser(""): Browser is opened with url: ''

18-12-2024T23:23:03 - [MESSAGE][INFO] - Starting 'Chrome' driver

18-12-2024T23:23:03 - [MESSAGE][INFO] - Action delay is set to 0 milliseconds

18-12-2024T23:23:05 - [MESSAGE][PASSED] - Browser is opened with url: ''

18-12-2024T23:23:05 - [TEST_STEP][PASSED] - maximizeWindow(): Current window maximized

18-12-2024T23:23:05 - [MESSAGE][PASSED] - Current window maximized

18-12-2024T23:23:05 - [TEST_STEP][PASSED] - navigateToUrl("https://homzmart.com/en"): Navigate to 'https://homzmart.com/en' successfully

18-12-2024T23:23:07 - [MESSAGE][PASSED] - Navigate to 'https://homzmart.com/en' successfully

18-12-2024T23:23:07 - [TEST_STEP][PASSED] - click(findTestObject("Object Repository/Page_Buy Furniture and Home decor Online , _0aaba7/p_My Account")): Object: 'Object Repository/Page_Buy Furniture and Home decor Online , _0aaba7/p_My Account' is clicked on

18-12-2024T23:23:11 - [MESSAGE][PASSED] - Object: 'Object Repository/Page_Buy Furniture and Home decor Online , _0aaba7/p_My Account' is clicked on

18-12-2024T23:23:11 - [TEST_STEP][PASSED] - click(findTestObject("Object Repository/Page_Buy Furniture and Home decor Online , _0aaba7/button_Sign in")): Object: 'Object Repository/Page_Buy Furniture and Home decor Online , _0aaba7/button_Sign in' is clicked on

18-12-2024T23:23:12 - [MESSAGE][PASSED] - Object: 'Object Repository/Page_Buy Furniture and Home decor Online , _0aaba7/button_Sign in' is clicked on

18-12-2024T23:23:12 - [TEST_STEP][PASSED] - setText(findTestObject("Object Repository/Page_/input_Enter your phone number or email_outl_281146"), "test777@gmail.com"): Text 'test777@gmail.com' is set on object 'Object Repository/Page_/input_Enter your phone number or email_outl_281146'

18-12-2024T23:23:15 - [MESSAGE][PASSED] - Text 'test777@gmail.com' is set on object 'Object Repository/Page_/input_Enter your phone number or email_outl_281146'

18-12-2024T23:23:15 - [TEST_STEP][PASSED] - click(findTestObject("Object Repository/Page_/button_Continue")): Object: 'Object Repository/Page_/button_Continue' is clicked on

18-12-2024T23:23:16 - [MESSAGE][PASSED] - Object: 'Object Repository/Page_/button_Continue' is clicked on

18-12-2024T23:23:16 - [TEST_STEP][PASSED] - setEncryptedText(findTestObject("Object Repository/Page_/input_Enter your password_outlined-basic"), currentPassword): Text ****** has been set on object 'Object Repository/Page_/input_Enter your password_outlined-basic'

18-12-2024T23:23:17 - [MESSAGE][PASSED] - Text ****** has been set on object 'Object Repository/Page_/input_Enter your password_outlined-basic'

18-12-2024T23:23:17 - [TEST_STEP][PASSED] - click(findTestObject("Object Repository/Page_/button_Login")): Object: 'Object Repository/Page_/button_Login' is clicked on

18-12-2024T23:23:21 - [MESSAGE][PASSED] - Object: 'Object Repository/Page_/button_Login' is clicked on

18-12-2024T23:23:21 - [TEST_STEP][PASSED] - click(findTestObject("Object Repository/Page_/div_Skip")): Object: 'Object Repository/Page_/div_Skip' is clicked on

18-12-2024T23:23:23 - [MESSAGE][PASSED] - Object: 'Object Repository/Page_/div_Skip' is clicked on

18-12-2024T23:23:23 - [TEST_STEP][PASSED] - println("Login successful with updated password."): null

18-12-2024T23:23:23 - [TEST_STEP][PASSED] - closeBrowser(): Browser is closed

18-12-2024T23:23:23 - [MESSAGE][PASSED] - Browser is closed]]></system-out>
         <system-err><![CDATA[]]></system-err>
      </testcase>
      <testcase name="Test Cases/TC02_SignUp_Valid" time="18.923" classname="Test Cases/TC02_SignUp_Valid" status="PASSED">
         <system-out><![CDATA[18-12-2024T23:23:23 - [TEST_CASE][PASSED] - Test Cases/TC02_SignUp_Valid: Test Cases/TC02_SignUp_Valid

18-12-2024T23:23:24 - [TEST_STEP][PASSED] - randomEmail = "user" + Random().nextInt(100000) + "@example.com": null

18-12-2024T23:23:24 - [TEST_STEP][PASSED] - openBrowser(""): Browser is opened with url: ''

18-12-2024T23:23:24 - [MESSAGE][INFO] - Starting 'Chrome' driver

18-12-2024T23:23:24 - [MESSAGE][INFO] - Action delay is set to 0 milliseconds

18-12-2024T23:23:25 - [MESSAGE][PASSED] - Browser is opened with url: ''

18-12-2024T23:23:25 - [TEST_STEP][PASSED] - maximizeWindow(): Current window maximized

18-12-2024T23:23:25 - [MESSAGE][PASSED] - Current window maximized

18-12-2024T23:23:25 - [TEST_STEP][PASSED] - navigateToUrl("https://homzmart.com/en"): Navigate to 'https://homzmart.com/en' successfully

18-12-2024T23:23:26 - [MESSAGE][PASSED] - Navigate to 'https://homzmart.com/en' successfully

18-12-2024T23:23:26 - [TEST_STEP][PASSED] - click(findTestObject("Object Repository/Page_Buy Furniture and Home decor Online , _0aaba7/p_My Account")): Object: 'Object Repository/Page_Buy Furniture and Home decor Online , _0aaba7/p_My Account' is clicked on

18-12-2024T23:23:32 - [MESSAGE][PASSED] - Object: 'Object Repository/Page_Buy Furniture and Home decor Online , _0aaba7/p_My Account' is clicked on

18-12-2024T23:23:32 - [TEST_STEP][PASSED] - click(findTestObject("Object Repository/Page_Buy Furniture and Home decor Online , _0aaba7/button_Sign in")): Object: 'Object Repository/Page_Buy Furniture and Home decor Online , _0aaba7/button_Sign in' is clicked on

18-12-2024T23:23:32 - [MESSAGE][PASSED] - Object: 'Object Repository/Page_Buy Furniture and Home decor Online , _0aaba7/button_Sign in' is clicked on

18-12-2024T23:23:32 - [TEST_STEP][PASSED] - setText(findTestObject("Object Repository/Page_/input_Enter your phone number or email_outl_281146"), randomEmail): Text 'user38972@example.com' is set on object 'Object Repository/Page_/input_Enter your phone number or email_outl_281146'

18-12-2024T23:23:35 - [MESSAGE][PASSED] - Text 'user38972@example.com' is set on object 'Object Repository/Page_/input_Enter your phone number or email_outl_281146'

18-12-2024T23:23:35 - [TEST_STEP][PASSED] - click(findTestObject("Object Repository/Page_/button_Continue")): Object: 'Object Repository/Page_/button_Continue' is clicked on

18-12-2024T23:23:35 - [MESSAGE][PASSED] - Object: 'Object Repository/Page_/button_Continue' is clicked on

18-12-2024T23:23:35 - [TEST_STEP][PASSED] - setText(findTestObject("Object Repository/Page_/input_First Name_outlined-basic"), "testsign"): Text 'testsign' is set on object 'Object Repository/Page_/input_First Name_outlined-basic'

18-12-2024T23:23:37 - [MESSAGE][PASSED] - Text 'testsign' is set on object 'Object Repository/Page_/input_First Name_outlined-basic'

18-12-2024T23:23:37 - [TEST_STEP][PASSED] - setText(findTestObject("Object Repository/Page_/input_Phone Number_demo-controlled-open-sel_7bd89e"), "1018206007"): Text '1018206007' is set on object 'Object Repository/Page_/input_Phone Number_demo-controlled-open-sel_7bd89e'

18-12-2024T23:23:38 - [MESSAGE][PASSED] - Text '1018206007' is set on object 'Object Repository/Page_/input_Phone Number_demo-controlled-open-sel_7bd89e'

18-12-2024T23:23:38 - [TEST_STEP][PASSED] - setEncryptedText(findTestObject("Object Repository/Page_/input_Create password_outlined-basic"), "dAMKXUGKBJQKXf4cBsJoJg=="): Text ****** has been set on object 'Object Repository/Page_/input_Create password_outlined-basic'

18-12-2024T23:23:38 - [MESSAGE][PASSED] - Text ****** has been set on object 'Object Repository/Page_/input_Create password_outlined-basic'

18-12-2024T23:23:38 - [TEST_STEP][PASSED] - setEncryptedText(findTestObject("Object Repository/Page_/input_Confirm password_outlined-basic"), "dAMKXUGKBJQKXf4cBsJoJg=="): Text ****** has been set on object 'Object Repository/Page_/input_Confirm password_outlined-basic'

18-12-2024T23:23:39 - [MESSAGE][PASSED] - Text ****** has been set on object 'Object Repository/Page_/input_Confirm password_outlined-basic'

18-12-2024T23:23:39 - [TEST_STEP][PASSED] - click(findTestObject("Object Repository/Page_/svg_Create Account_MuiSvgIcon-root MuiSvgIc_e5d189")): Object: 'Object Repository/Page_/svg_Create Account_MuiSvgIcon-root MuiSvgIc_e5d189' is clicked on

18-12-2024T23:23:39 - [MESSAGE][PASSED] - Object: 'Object Repository/Page_/svg_Create Account_MuiSvgIcon-root MuiSvgIc_e5d189' is clicked on

18-12-2024T23:23:39 - [TEST_STEP][PASSED] - click(findTestObject("Object Repository/Page_/div_Skip")): Object: 'Object Repository/Page_/div_Skip' is clicked on

18-12-2024T23:23:42 - [MESSAGE][PASSED] - Object: 'Object Repository/Page_/div_Skip' is clicked on

18-12-2024T23:23:42 - [TEST_STEP][PASSED] - println("Random email used for this run: " + randomEmail): null]]></system-out>
         <system-err><![CDATA[]]></system-err>
      </testcase>
      <testcase name="Test Cases/TC21_Logout" time="26.061" classname="Test Cases/TC21_Logout" status="PASSED">
         <system-out><![CDATA[18-12-2024T23:23:42 - [TEST_CASE][PASSED] - Test Cases/TC21_Logout: Test Cases/TC21_Logout

18-12-2024T23:23:42 - [TEST_STEP][PASSED] - openBrowser(""): Browser is opened with url: ''

18-12-2024T23:23:42 - [MESSAGE][WARNING] - A browser is already opened. Closing browser and opening a new one

18-12-2024T23:23:43 - [MESSAGE][INFO] - Starting 'Chrome' driver

18-12-2024T23:23:43 - [MESSAGE][INFO] - Action delay is set to 0 milliseconds

18-12-2024T23:23:43 - [MESSAGE][PASSED] - Browser is opened with url: ''

18-12-2024T23:23:43 - [TEST_STEP][PASSED] - navigateToUrl("https://homzmart.com/en"): Navigate to 'https://homzmart.com/en' successfully

18-12-2024T23:23:46 - [MESSAGE][PASSED] - Navigate to 'https://homzmart.com/en' successfully

18-12-2024T23:23:46 - [TEST_STEP][PASSED] - click(findTestObject("Object Repository/Page_Buy Furniture and Home decor Online , _0aaba7/p_My Account")): Object: 'Object Repository/Page_Buy Furniture and Home decor Online , _0aaba7/p_My Account' is clicked on

18-12-2024T23:23:50 - [MESSAGE][PASSED] - Object: 'Object Repository/Page_Buy Furniture and Home decor Online , _0aaba7/p_My Account' is clicked on

18-12-2024T23:23:50 - [TEST_STEP][PASSED] - click(findTestObject("Object Repository/Page_Buy Furniture and Home decor Online , _0aaba7/button_Sign in")): Object: 'Object Repository/Page_Buy Furniture and Home decor Online , _0aaba7/button_Sign in' is clicked on

18-12-2024T23:23:51 - [MESSAGE][PASSED] - Object: 'Object Repository/Page_Buy Furniture and Home decor Online , _0aaba7/button_Sign in' is clicked on

18-12-2024T23:23:51 - [TEST_STEP][PASSED] - setText(findTestObject("Object Repository/Page_/input_Enter your phone number or email_outl_281146"), "qotb@gmail.com"): Text 'qotb@gmail.com' is set on object 'Object Repository/Page_/input_Enter your phone number or email_outl_281146'

18-12-2024T23:23:53 - [MESSAGE][PASSED] - Text 'qotb@gmail.com' is set on object 'Object Repository/Page_/input_Enter your phone number or email_outl_281146'

18-12-2024T23:23:53 - [TEST_STEP][PASSED] - click(findTestObject("Object Repository/Page_/button_Continue")): Object: 'Object Repository/Page_/button_Continue' is clicked on

18-12-2024T23:23:53 - [MESSAGE][PASSED] - Object: 'Object Repository/Page_/button_Continue' is clicked on

18-12-2024T23:23:53 - [TEST_STEP][PASSED] - setEncryptedText(findTestObject("Object Repository/Page_/input_Enter your password_outlined-basic"), "YYmZ1o1jXazmzPuWffRxnw=="): Text ****** has been set on object 'Object Repository/Page_/input_Enter your password_outlined-basic'

18-12-2024T23:23:56 - [MESSAGE][PASSED] - Text ****** has been set on object 'Object Repository/Page_/input_Enter your password_outlined-basic'

18-12-2024T23:23:56 - [TEST_STEP][PASSED] - click(findTestObject("Object Repository/Page_/button_Login")): Object: 'Object Repository/Page_/button_Login' is clicked on

18-12-2024T23:23:56 - [MESSAGE][PASSED] - Object: 'Object Repository/Page_/button_Login' is clicked on

18-12-2024T23:23:56 - [TEST_STEP][PASSED] - click(findTestObject("Object Repository/Page_/div_Skip")): Object: 'Object Repository/Page_/div_Skip' is clicked on

18-12-2024T23:23:59 - [MESSAGE][PASSED] - Object: 'Object Repository/Page_/div_Skip' is clicked on

18-12-2024T23:23:59 - [TEST_STEP][PASSED] - click(findTestObject("Object Repository/Page_Buy Furniture and Home decor Online , _0aaba7/div_Hi, qotbadsdMy Account")): Object: 'Object Repository/Page_Buy Furniture and Home decor Online , _0aaba7/div_Hi, qotbadsdMy Account' is clicked on

18-12-2024T23:24:08 - [MESSAGE][PASSED] - Object: 'Object Repository/Page_Buy Furniture and Home decor Online , _0aaba7/div_Hi, qotbadsdMy Account' is clicked on

18-12-2024T23:24:08 - [TEST_STEP][PASSED] - click(findTestObject("Object Repository/Page_Buy Furniture and Home decor Online , _0aaba7/div_Logout")): Object: 'Object Repository/Page_Buy Furniture and Home decor Online , _0aaba7/div_Logout' is clicked on

18-12-2024T23:24:08 - [MESSAGE][PASSED] - Object: 'Object Repository/Page_Buy Furniture and Home decor Online , _0aaba7/div_Logout' is clicked on]]></system-out>
         <system-err><![CDATA[]]></system-err>
      </testcase>
      <system-out><![CDATA[18-12-2024T23:23:03 - [TEST_SUITE][PASSED] - TS01_Login_Tests: Test Cases/TC21_Logout]]></system-out>
      <system-err><![CDATA[]]></system-err>
   </testsuite>
</testsuites>
