<?xml version="1.0" encoding="UTF-8"?>
<testsuites name="TS03_Search_Functionality" time="103.738" tests="4" failures="0" errors="0">
   <testsuite name="TS03_Search_Functionality" tests="4" failures="0" errors="0" time="103.738" skipped="0" timestamp="18-12-2024T23:56:59" hostname="CompuMart - 192.168.47.1" id="Test Suites/TS03_Search_Functionality">
      <properties>
         <property name="deviceName" value=""/>
         <property name="devicePlatform"/>
         <property name="logFolder" value="C:\\Users\\CompuMart\\Desktop\\4.1\\442Quality\\Quality Project\\Katalon\\Reports\\20241218_235654\\TS03_Search_Functionality\\20241218_235654"/>
         <property name="logFiles" value="C:\\Users\\CompuMart\\Desktop\\4.1\\442Quality\\Quality Project\\Katalon\\Reports\\20241218_235654\\TS03_Search_Functionality\\20241218_235654\\execution0.log"/>
         <property name="attachments" value=""/>
         <property name="hostName" value="CompuMart - 192.168.47.1"/>
         <property name="os" value="Windows 11 64bit"/>
         <property name="katalonVersion" value="10.0.1.223"/>
         <property name="browser" value="Chrome 131.0.0.0"/>
         <property name="hostAddress" value="192.168.47.1"/>
         <property name="sessionId" value="aa2dcb7c0c28351c7ecd6ab986db4ccc"/>
         <property name="seleniumVersion" value="4.22.0"/>
         <property name="proxyInformation" value="ProxyInformation { proxyOption=NO_PROXY, proxyServerType=HTTP, username=, password=********, proxyServerAddress=, proxyServerPort=0, executionList=&quot;&quot;, isApplyToDesiredCapabilities=true }"/>
         <property name="platform" value="Windows 11"/>
      </properties>
      <testcase name="Test Cases/TC09_Filters" time="27.181" classname="Test Cases/TC09_Filters" status="PASSED">
         <system-out><![CDATA[18-12-2024T23:56:59 - [TEST_CASE][PASSED] - Test Cases/TC09_Filters: Test Cases/TC09_Filters

18-12-2024T23:56:59 - [TEST_STEP][PASSED] - openBrowser(""): Browser is opened with url: ''

18-12-2024T23:56:59 - [MESSAGE][INFO] - Starting 'Chrome' driver

18-12-2024T23:57:00 - [MESSAGE][INFO] - Action delay is set to 0 milliseconds

18-12-2024T23:57:01 - [MESSAGE][PASSED] - Browser is opened with url: ''

18-12-2024T23:57:01 - [TEST_STEP][PASSED] - navigateToUrl("https://homzmart.com/en"): Navigate to 'https://homzmart.com/en' successfully

18-12-2024T23:57:05 - [MESSAGE][PASSED] - Navigate to 'https://homzmart.com/en' successfully

18-12-2024T23:57:05 - [TEST_STEP][PASSED] - click(findTestObject("Object Repository/Page_Buy Furniture and Home decor Online , _0aaba7/img")): Object: 'Object Repository/Page_Buy Furniture and Home decor Online , _0aaba7/img' is clicked on

18-12-2024T23:57:17 - [MESSAGE][PASSED] - Object: 'Object Repository/Page_Buy Furniture and Home decor Online , _0aaba7/img' is clicked on

18-12-2024T23:57:17 - [TEST_STEP][PASSED] - click(findTestObject("Object Repository/Page_Buy Furniture and Home decor Online , _0aaba7/input__grouped-demo")): Object: 'Object Repository/Page_Buy Furniture and Home decor Online , _0aaba7/input__grouped-demo' is clicked on

18-12-2024T23:57:19 - [MESSAGE][PASSED] - Object: 'Object Repository/Page_Buy Furniture and Home decor Online , _0aaba7/input__grouped-demo' is clicked on

18-12-2024T23:57:19 - [TEST_STEP][PASSED] - click(findTestObject("Object Repository/Page_Buy Furniture and Home decor Online , _0aaba7/p_Tables")): Object: 'Object Repository/Page_Buy Furniture and Home decor Online , _0aaba7/p_Tables' is clicked on

18-12-2024T23:57:20 - [MESSAGE][PASSED] - Object: 'Object Repository/Page_Buy Furniture and Home decor Online , _0aaba7/p_Tables' is clicked on

18-12-2024T23:57:20 - [TEST_STEP][PASSED] - click(findTestObject("Object Repository/Page_Find the Perfect Table for Your Home -_28535e/input_Price low to high_radio-buttons-group")): Object: 'Object Repository/Page_Find the Perfect Table for Your Home -_28535e/input_Price low to high_radio-buttons-group' is clicked on

18-12-2024T23:57:22 - [MESSAGE][PASSED] - Object: 'Object Repository/Page_Find the Perfect Table for Your Home -_28535e/input_Price low to high_radio-buttons-group' is clicked on

18-12-2024T23:57:22 - [TEST_STEP][PASSED] - click(findTestObject("Object Repository/Page_Find the Perfect Table for Your Home -_28535e/div_Apply")): Object: 'Object Repository/Page_Find the Perfect Table for Your Home -_28535e/div_Apply' is clicked on

18-12-2024T23:57:26 - [MESSAGE][PASSED] - Object: 'Object Repository/Page_Find the Perfect Table for Your Home -_28535e/div_Apply' is clicked on]]></system-out>
         <system-err><![CDATA[]]></system-err>
      </testcase>
      <testcase name="Test Cases/TC19_Apply_Multiple_Filters" time="42.687" classname="Test Cases/TC19_Apply_Multiple_Filters" status="PASSED">
         <system-out><![CDATA[18-12-2024T23:57:26 - [TEST_CASE][PASSED] - Test Cases/TC19_Apply_Multiple_Filters: Test Cases/TC19_Apply_Multiple_Filters

18-12-2024T23:57:26 - [TEST_STEP][PASSED] - openBrowser(""): Browser is opened with url: ''

18-12-2024T23:57:26 - [MESSAGE][WARNING] - A browser is already opened. Closing browser and opening a new one

18-12-2024T23:57:27 - [MESSAGE][INFO] - Starting 'Chrome' driver

18-12-2024T23:57:27 - [MESSAGE][INFO] - Action delay is set to 0 milliseconds

18-12-2024T23:57:27 - [MESSAGE][PASSED] - Browser is opened with url: ''

18-12-2024T23:57:27 - [TEST_STEP][PASSED] - navigateToUrl("https://homzmart.com/en"): Navigate to 'https://homzmart.com/en' successfully

18-12-2024T23:58:03 - [MESSAGE][PASSED] - Navigate to 'https://homzmart.com/en' successfully

18-12-2024T23:58:03 - [TEST_STEP][PASSED] - click(findTestObject("Object Repository/Page_Buy Furniture and Home decor Online , _0aaba7/img")): Object: 'Object Repository/Page_Buy Furniture and Home decor Online , _0aaba7/img' is clicked on

18-12-2024T23:58:04 - [MESSAGE][PASSED] - Object: 'Object Repository/Page_Buy Furniture and Home decor Online , _0aaba7/img' is clicked on

18-12-2024T23:58:04 - [TEST_STEP][PASSED] - click(findTestObject("Object Repository/Page_Buy Furniture and Home decor Online , _0aaba7/input__grouped-demo")): Object: 'Object Repository/Page_Buy Furniture and Home decor Online , _0aaba7/input__grouped-demo' is clicked on

18-12-2024T23:58:05 - [MESSAGE][PASSED] - Object: 'Object Repository/Page_Buy Furniture and Home decor Online , _0aaba7/input__grouped-demo' is clicked on

18-12-2024T23:58:05 - [TEST_STEP][PASSED] - click(findTestObject("Object Repository/Page_Buy Furniture and Home decor Online , _0aaba7/p_Tables")): Object: 'Object Repository/Page_Buy Furniture and Home decor Online , _0aaba7/p_Tables' is clicked on

18-12-2024T23:58:05 - [MESSAGE][PASSED] - Object: 'Object Repository/Page_Buy Furniture and Home decor Online , _0aaba7/p_Tables' is clicked on

18-12-2024T23:58:05 - [TEST_STEP][PASSED] - click(findTestObject("Object Repository/Page_Find the Perfect Table for Your Home -_28535e/input_Price low to high_radio-buttons-group")): Object: 'Object Repository/Page_Find the Perfect Table for Your Home -_28535e/input_Price low to high_radio-buttons-group' is clicked on

18-12-2024T23:58:07 - [MESSAGE][PASSED] - Object: 'Object Repository/Page_Find the Perfect Table for Your Home -_28535e/input_Price low to high_radio-buttons-group' is clicked on

18-12-2024T23:58:07 - [TEST_STEP][PASSED] - click(findTestObject("Object Repository/Page_Find the Perfect Table for Your Home -_28535e/input__PrivateSwitchBase-input muiltr-1m9pwf3")): Object: 'Object Repository/Page_Find the Perfect Table for Your Home -_28535e/input__PrivateSwitchBase-input muiltr-1m9pwf3' is clicked on

18-12-2024T23:58:08 - [MESSAGE][PASSED] - Object: 'Object Repository/Page_Find the Perfect Table for Your Home -_28535e/input__PrivateSwitchBase-input muiltr-1m9pwf3' is clicked on

18-12-2024T23:58:08 - [TEST_STEP][PASSED] - click(findTestObject("Object Repository/Page_Find the Perfect Table for Your Home -_28535e/input_(1127)_PrivateSwitchBase-input muiltr_435b5c")): Object: 'Object Repository/Page_Find the Perfect Table for Your Home -_28535e/input_(1127)_PrivateSwitchBase-input muiltr_435b5c' is clicked on

18-12-2024T23:58:08 - [MESSAGE][PASSED] - Object: 'Object Repository/Page_Find the Perfect Table for Your Home -_28535e/input_(1127)_PrivateSwitchBase-input muiltr_435b5c' is clicked on

18-12-2024T23:58:08 - [TEST_STEP][PASSED] - click(findTestObject("Object Repository/Page_Find the Perfect Table for Your Home -_28535e/div_Apply")): Object: 'Object Repository/Page_Find the Perfect Table for Your Home -_28535e/div_Apply' is clicked on

18-12-2024T23:58:09 - [MESSAGE][PASSED] - Object: 'Object Repository/Page_Find the Perfect Table for Your Home -_28535e/div_Apply' is clicked on]]></system-out>
         <system-err><![CDATA[]]></system-err>
      </testcase>
      <testcase name="Test Cases/TC20_Reset_Filters" time="20.531" classname="Test Cases/TC20_Reset_Filters" status="PASSED">
         <system-out><![CDATA[18-12-2024T23:58:09 - [TEST_CASE][PASSED] - Test Cases/TC20_Reset_Filters: Test Cases/TC20_Reset_Filters

18-12-2024T23:58:09 - [TEST_STEP][PASSED] - openBrowser(""): Browser is opened with url: ''

18-12-2024T23:58:09 - [MESSAGE][WARNING] - A browser is already opened. Closing browser and opening a new one

18-12-2024T23:58:09 - [MESSAGE][INFO] - Starting 'Chrome' driver

18-12-2024T23:58:09 - [MESSAGE][INFO] - Action delay is set to 0 milliseconds

18-12-2024T23:58:10 - [MESSAGE][PASSED] - Browser is opened with url: ''

18-12-2024T23:58:10 - [TEST_STEP][PASSED] - navigateToUrl("https://homzmart.com/en"): Navigate to 'https://homzmart.com/en' successfully

18-12-2024T23:58:13 - [MESSAGE][PASSED] - Navigate to 'https://homzmart.com/en' successfully

18-12-2024T23:58:13 - [TEST_STEP][PASSED] - click(findTestObject("Object Repository/Page_Buy Furniture and Home decor Online , _0aaba7/img")): Object: 'Object Repository/Page_Buy Furniture and Home decor Online , _0aaba7/img' is clicked on

18-12-2024T23:58:24 - [MESSAGE][PASSED] - Object: 'Object Repository/Page_Buy Furniture and Home decor Online , _0aaba7/img' is clicked on

18-12-2024T23:58:24 - [TEST_STEP][PASSED] - click(findTestObject("Object Repository/Page_Buy Furniture and Home decor Online , _0aaba7/p_Chairs")): Object: 'Object Repository/Page_Buy Furniture and Home decor Online , _0aaba7/p_Chairs' is clicked on

18-12-2024T23:58:25 - [MESSAGE][PASSED] - Object: 'Object Repository/Page_Buy Furniture and Home decor Online , _0aaba7/p_Chairs' is clicked on

18-12-2024T23:58:25 - [TEST_STEP][PASSED] - click(findTestObject("Object Repository/Page_Buy Chairs Online in Egypt - Affordabl_9619fd/input_Price low to high_radio-buttons-group")): Object: 'Object Repository/Page_Buy Chairs Online in Egypt - Affordabl_9619fd/input_Price low to high_radio-buttons-group' is clicked on

18-12-2024T23:58:27 - [MESSAGE][PASSED] - Object: 'Object Repository/Page_Buy Chairs Online in Egypt - Affordabl_9619fd/input_Price low to high_radio-buttons-group' is clicked on

18-12-2024T23:58:27 - [TEST_STEP][PASSED] - click(findTestObject("Object Repository/Page_Buy Chairs Online in Egypt - Affordabl_9619fd/input_(214)_PrivateSwitchBase-input muiltr-1m9pwf3")): Object: 'Object Repository/Page_Buy Chairs Online in Egypt - Affordabl_9619fd/input_(214)_PrivateSwitchBase-input muiltr-1m9pwf3' is clicked on

18-12-2024T23:58:27 - [MESSAGE][PASSED] - Object: 'Object Repository/Page_Buy Chairs Online in Egypt - Affordabl_9619fd/input_(214)_PrivateSwitchBase-input muiltr-1m9pwf3' is clicked on

18-12-2024T23:58:27 - [TEST_STEP][PASSED] - click(findTestObject("Object Repository/Page_Buy Chairs Online in Egypt - Affordabl_9619fd/input__PrivateSwitchBase-input muiltr-1m9pwf3")): Object: 'Object Repository/Page_Buy Chairs Online in Egypt - Affordabl_9619fd/input__PrivateSwitchBase-input muiltr-1m9pwf3' is clicked on

18-12-2024T23:58:28 - [MESSAGE][PASSED] - Object: 'Object Repository/Page_Buy Chairs Online in Egypt - Affordabl_9619fd/input__PrivateSwitchBase-input muiltr-1m9pwf3' is clicked on

18-12-2024T23:58:28 - [TEST_STEP][PASSED] - click(findTestObject("Object Repository/Page_Buy Chairs Online in Egypt - Affordabl_9619fd/div_Apply")): Object: 'Object Repository/Page_Buy Chairs Online in Egypt - Affordabl_9619fd/div_Apply' is clicked on

18-12-2024T23:58:28 - [MESSAGE][PASSED] - Object: 'Object Repository/Page_Buy Chairs Online in Egypt - Affordabl_9619fd/div_Apply' is clicked on

18-12-2024T23:58:28 - [TEST_STEP][PASSED] - click(findTestObject("Object Repository/Page_Buy Chairs Online in Egypt - Affordabl_9619fd/div_Reset")): Object: 'Object Repository/Page_Buy Chairs Online in Egypt - Affordabl_9619fd/div_Reset' is clicked on

18-12-2024T23:58:29 - [MESSAGE][PASSED] - Object: 'Object Repository/Page_Buy Chairs Online in Egypt - Affordabl_9619fd/div_Reset' is clicked on]]></system-out>
         <system-err><![CDATA[]]></system-err>
      </testcase>
      <testcase name="Test Cases/TC03_Search" time="13.166" classname="Test Cases/TC03_Search" status="PASSED">
         <system-out><![CDATA[18-12-2024T23:58:29 - [TEST_CASE][PASSED] - Test Cases/TC03_Search: Test Cases/TC03_Search

18-12-2024T23:58:30 - [TEST_STEP][PASSED] - openBrowser(""): Browser is opened with url: ''

18-12-2024T23:58:30 - [MESSAGE][WARNING] - A browser is already opened. Closing browser and opening a new one

18-12-2024T23:58:30 - [MESSAGE][INFO] - Starting 'Chrome' driver

18-12-2024T23:58:30 - [MESSAGE][INFO] - Action delay is set to 0 milliseconds

18-12-2024T23:58:31 - [MESSAGE][PASSED] - Browser is opened with url: ''

18-12-2024T23:58:31 - [TEST_STEP][PASSED] - navigateToUrl("https://homzmart.com/en"): Navigate to 'https://homzmart.com/en' successfully

18-12-2024T23:58:34 - [MESSAGE][PASSED] - Navigate to 'https://homzmart.com/en' successfully

18-12-2024T23:58:34 - [TEST_STEP][PASSED] - click(findTestObject("Object Repository/Page_Buy Furniture and Home decor Online , _0aaba7/img")): Object: 'Object Repository/Page_Buy Furniture and Home decor Online , _0aaba7/img' is clicked on

18-12-2024T23:58:41 - [MESSAGE][PASSED] - Object: 'Object Repository/Page_Buy Furniture and Home decor Online , _0aaba7/img' is clicked on

18-12-2024T23:58:41 - [TEST_STEP][PASSED] - setText(findTestObject("Object Repository/Page_Buy Furniture and Home decor Online , _0aaba7/input__grouped-demo"), "chair"): Text 'chair' is set on object 'Object Repository/Page_Buy Furniture and Home decor Online , _0aaba7/input__grouped-demo'

18-12-2024T23:58:42 - [MESSAGE][PASSED] - Text 'chair' is set on object 'Object Repository/Page_Buy Furniture and Home decor Online , _0aaba7/input__grouped-demo'

18-12-2024T23:58:42 - [TEST_STEP][PASSED] - sendKeys(findTestObject("Object Repository/Page_Buy Furniture and Home decor Online , _0aaba7/input__grouped-demo"), Keys.chord(ENTER)): Keys 'ENTER + ' sent to object: 'Object Repository/Page_Buy Furniture and Home decor Online , _0aaba7/input__grouped-demo'

18-12-2024T23:58:43 - [MESSAGE][PASSED] - Keys 'ENTER + ' sent to object: 'Object Repository/Page_Buy Furniture and Home decor Online , _0aaba7/input__grouped-demo']]></system-out>
         <system-err><![CDATA[]]></system-err>
      </testcase>
      <system-out><![CDATA[18-12-2024T23:56:59 - [TEST_SUITE][PASSED] - TS03_Search_Functionality: Test Cases/TC03_Search]]></system-out>
      <system-err><![CDATA[]]></system-err>
   </testsuite>
</testsuites>
