<?xml version="1.0" encoding="UTF-8"?>
<testsuites name="TS04_Cart_Management" time="73.569" tests="2" failures="0" errors="0">
   <testsuite name="TS04_Cart_Management" tests="2" failures="0" errors="0" time="73.569" skipped="0" timestamp="19-12-2024T00:27:17" hostname="CompuMart - 192.168.47.1" id="Test Suites/TS04_Cart_Management">
      <properties>
         <property name="deviceName" value=""/>
         <property name="devicePlatform"/>
         <property name="logFolder" value="C:\\Users\\CompuMart\\Desktop\\4.1\\442Quality\\Quality Project\\Katalon\\Reports\\20241219_002711\\TS04_Cart_Management\\20241219_002712"/>
         <property name="logFiles" value="C:\\Users\\CompuMart\\Desktop\\4.1\\442Quality\\Quality Project\\Katalon\\Reports\\20241219_002711\\TS04_Cart_Management\\20241219_002712\\execution0.log"/>
         <property name="attachments" value=""/>
         <property name="hostName" value="CompuMart - 192.168.47.1"/>
         <property name="os" value="Windows 11 64bit"/>
         <property name="katalonVersion" value="10.0.1.223"/>
         <property name="browser" value="Chrome 131.0.0.0"/>
         <property name="hostAddress" value="192.168.47.1"/>
         <property name="sessionId" value="2e6ef2fb0f676105b9d656d1dcaf4063"/>
         <property name="seleniumVersion" value="4.22.0"/>
         <property name="proxyInformation" value="ProxyInformation { proxyOption=NO_PROXY, proxyServerType=HTTP, username=, password=********, proxyServerAddress=, proxyServerPort=0, executionList=&quot;&quot;, isApplyToDesiredCapabilities=true }"/>
         <property name="platform" value="Windows 11"/>
      </properties>
      <testcase name="Test Cases/TC05_Add_to_Cart" time="19.91" classname="Test Cases/TC05_Add_to_Cart" status="PASSED">
         <system-out><![CDATA[19-12-2024T00:27:18 - [TEST_CASE][PASSED] - Test Cases/TC05_Add_to_Cart: Test Cases/TC05_Add_to_Cart

19-12-2024T00:27:18 - [TEST_STEP][PASSED] - openBrowser(""): Browser is opened with url: ''

19-12-2024T00:27:18 - [MESSAGE][INFO] - Starting 'Chrome' driver

19-12-2024T00:27:18 - [MESSAGE][INFO] - Action delay is set to 0 milliseconds

19-12-2024T00:27:20 - [MESSAGE][PASSED] - Browser is opened with url: ''

19-12-2024T00:27:20 - [TEST_STEP][PASSED] - navigateToUrl("https://homzmart.com/en"): Navigate to 'https://homzmart.com/en' successfully

19-12-2024T00:27:22 - [MESSAGE][PASSED] - Navigate to 'https://homzmart.com/en' successfully

19-12-2024T00:27:22 - [TEST_STEP][PASSED] - click(findTestObject("Object Repository/Page_Buy Furniture and Home decor Online , _0aaba7/h3_MDF Wood Dressing 210x220x45x40 cm - Bla_476ce3")): Object: 'Object Repository/Page_Buy Furniture and Home decor Online , _0aaba7/h3_MDF Wood Dressing 210x220x45x40 cm - Bla_476ce3' is clicked on

19-12-2024T00:27:31 - [MESSAGE][PASSED] - Object: 'Object Repository/Page_Buy Furniture and Home decor Online , _0aaba7/h3_MDF Wood Dressing 210x220x45x40 cm - Bla_476ce3' is clicked on

19-12-2024T00:27:31 - [TEST_STEP][PASSED] - click(findTestObject("Object Repository/Page_/img_Excluding official holidays and vacatio_f2668b")): Object: 'Object Repository/Page_/img_Excluding official holidays and vacatio_f2668b' is clicked on

19-12-2024T00:27:37 - [MESSAGE][PASSED] - Object: 'Object Repository/Page_/img_Excluding official holidays and vacatio_f2668b' is clicked on

19-12-2024T00:27:37 - [TEST_STEP][PASSED] - click(findTestObject("Object Repository/Page_/img_Excluding official holidays and vacatio_f2668b")): Object: 'Object Repository/Page_/img_Excluding official holidays and vacatio_f2668b' is clicked on

19-12-2024T00:27:37 - [MESSAGE][PASSED] - Object: 'Object Repository/Page_/img_Excluding official holidays and vacatio_f2668b' is clicked on

19-12-2024T00:27:37 - [TEST_STEP][PASSED] - click(findTestObject("Object Repository/Page_/img_Add to cart_ProductDetails_shopping_car_4933c6")): Object: 'Object Repository/Page_/img_Add to cart_ProductDetails_shopping_car_4933c6' is clicked on

19-12-2024T00:27:37 - [MESSAGE][PASSED] - Object: 'Object Repository/Page_/img_Add to cart_ProductDetails_shopping_car_4933c6' is clicked on]]></system-out>
         <system-err><![CDATA[]]></system-err>
      </testcase>
      <testcase name="Test Cases/TC16_Remove_from_Cart" time="53.491" classname="Test Cases/TC16_Remove_from_Cart" status="PASSED">
         <system-out><![CDATA[19-12-2024T00:27:38 - [TEST_CASE][PASSED] - Test Cases/TC16_Remove_from_Cart: Test Cases/TC16_Remove_from_Cart

19-12-2024T00:27:38 - [TEST_STEP][PASSED] - openBrowser(""): Browser is opened with url: ''

19-12-2024T00:27:38 - [MESSAGE][WARNING] - A browser is already opened. Closing browser and opening a new one

19-12-2024T00:27:38 - [MESSAGE][INFO] - Starting 'Chrome' driver

19-12-2024T00:27:38 - [MESSAGE][INFO] - Action delay is set to 0 milliseconds

19-12-2024T00:27:39 - [MESSAGE][PASSED] - Browser is opened with url: ''

19-12-2024T00:27:39 - [TEST_STEP][PASSED] - navigateToUrl("https://homzmart.com/en"): Navigate to 'https://homzmart.com/en' successfully

19-12-2024T00:28:21 - [MESSAGE][PASSED] - Navigate to 'https://homzmart.com/en' successfully

19-12-2024T00:28:21 - [TEST_STEP][PASSED] - click(findTestObject("Object Repository/Page_Buy Furniture and Home decor Online , _0aaba7/h3_MDF Dressing White - 200x180x50 cm")): Object: 'Object Repository/Page_Buy Furniture and Home decor Online , _0aaba7/h3_MDF Dressing White - 200x180x50 cm' is clicked on

19-12-2024T00:28:22 - [MESSAGE][PASSED] - Object: 'Object Repository/Page_Buy Furniture and Home decor Online , _0aaba7/h3_MDF Dressing White - 200x180x50 cm' is clicked on

19-12-2024T00:28:22 - [TEST_STEP][PASSED] - click(findTestObject("Object Repository/Page_/button_Add to cart")): Object: 'Object Repository/Page_/button_Add to cart' is clicked on

19-12-2024T00:28:24 - [MESSAGE][PASSED] - Object: 'Object Repository/Page_/button_Add to cart' is clicked on

19-12-2024T00:28:24 - [TEST_STEP][PASSED] - click(findTestObject("Object Repository/Page_/div_SuccessThis item is added to cart")): Object: 'Object Repository/Page_/div_SuccessThis item is added to cart' is clicked on

19-12-2024T00:28:26 - [MESSAGE][PASSED] - Object: 'Object Repository/Page_/div_SuccessThis item is added to cart' is clicked on

19-12-2024T00:28:26 - [TEST_STEP][PASSED] - click(findTestObject("Object Repository/Page_/img")): Object: 'Object Repository/Page_/img' is clicked on

19-12-2024T00:28:27 - [MESSAGE][PASSED] - Object: 'Object Repository/Page_/img' is clicked on

19-12-2024T00:28:27 - [TEST_STEP][PASSED] - click(findTestObject("Object Repository/Page_/img__styles_ShoppingCartOutlinedIcon__dcq0f")): Object: 'Object Repository/Page_/img__styles_ShoppingCartOutlinedIcon__dcq0f' is clicked on

19-12-2024T00:28:27 - [MESSAGE][PASSED] - Object: 'Object Repository/Page_/img__styles_ShoppingCartOutlinedIcon__dcq0f' is clicked on

19-12-2024T00:28:27 - [TEST_STEP][PASSED] - click(findTestObject("Object Repository/Page_/button_Go to cart")): Object: 'Object Repository/Page_/button_Go to cart' is clicked on

19-12-2024T00:28:28 - [MESSAGE][PASSED] - Object: 'Object Repository/Page_/button_Go to cart' is clicked on

19-12-2024T00:28:28 - [TEST_STEP][PASSED] - click(findTestObject("Object Repository/Page_/p_Delete")): Object: 'Object Repository/Page_/p_Delete' is clicked on

19-12-2024T00:28:31 - [MESSAGE][PASSED] - Object: 'Object Repository/Page_/p_Delete' is clicked on]]></system-out>
         <system-err><![CDATA[]]></system-err>
      </testcase>
      <system-out><![CDATA[19-12-2024T00:27:17 - [TEST_SUITE][PASSED] - TS04_Cart_Management: Test Cases/TC16_Remove_from_Cart]]></system-out>
      <system-err><![CDATA[]]></system-err>
   </testsuite>
</testsuites>
