<?xml version="1.0" encoding="UTF-8"?>
<testsuites name="TS07_Customization_Tests" time="26.946" tests="1" failures="0" errors="0">
   <testsuite name="TS07_Customization_Tests" tests="1" failures="0" errors="0" time="26.946" skipped="0" timestamp="19-12-2024T00:45:52" hostname="CompuMart - 192.168.47.1" id="Test Suites/TS07_Customization_Tests">
      <properties>
         <property name="deviceName" value=""/>
         <property name="devicePlatform"/>
         <property name="logFolder" value="C:\\Users\\CompuMart\\Desktop\\4.1\\442Quality\\Quality Project\\Katalon\\Reports\\20241219_004547\\TS07_Customization_Tests\\20241219_004547"/>
         <property name="logFiles" value="C:\\Users\\CompuMart\\Desktop\\4.1\\442Quality\\Quality Project\\Katalon\\Reports\\20241219_004547\\TS07_Customization_Tests\\20241219_004547\\execution0.log"/>
         <property name="attachments" value=""/>
         <property name="hostName" value="CompuMart - 192.168.47.1"/>
         <property name="os" value="Windows 11 64bit"/>
         <property name="katalonVersion" value="10.0.1.223"/>
         <property name="browser" value="Chrome 131.0.0.0"/>
         <property name="hostAddress" value="192.168.47.1"/>
         <property name="sessionId" value="ae89a3a7bee37c6b46c411770ed6b09e"/>
         <property name="seleniumVersion" value="4.22.0"/>
         <property name="proxyInformation" value="ProxyInformation { proxyOption=NO_PROXY, proxyServerType=HTTP, username=, password=********, proxyServerAddress=, proxyServerPort=0, executionList=&quot;&quot;, isApplyToDesiredCapabilities=true }"/>
         <property name="platform" value="Windows 11"/>
      </properties>
      <testcase name="Test Cases/TC24_Design_Your_Kitchen" time="26.781" classname="Test Cases/TC24_Design_Your_Kitchen" status="PASSED">
         <system-out><![CDATA[19-12-2024T00:45:52 - [TEST_CASE][PASSED] - Test Cases/TC24_Design_Your_Kitchen: Test Cases/TC24_Design_Your_Kitchen

19-12-2024T00:45:52 - [TEST_STEP][PASSED] - openBrowser(""): Browser is opened with url: ''

19-12-2024T00:45:52 - [MESSAGE][INFO] - Starting 'Chrome' driver

19-12-2024T00:45:52 - [MESSAGE][INFO] - Action delay is set to 0 milliseconds

19-12-2024T00:45:54 - [MESSAGE][PASSED] - Browser is opened with url: ''

19-12-2024T00:45:54 - [TEST_STEP][PASSED] - navigateToUrl("https://homzmart.com/en"): Navigate to 'https://homzmart.com/en' successfully

19-12-2024T00:45:56 - [MESSAGE][PASSED] - Navigate to 'https://homzmart.com/en' successfully

19-12-2024T00:45:56 - [TEST_STEP][PASSED] - click(findTestObject("Object Repository/Page_Buy Furniture and Home decor Online , _0aaba7/img_End-of-Year Clearance Get extra 15 disc_aeb651")): Object: 'Object Repository/Page_Buy Furniture and Home decor Online , _0aaba7/img_End-of-Year Clearance Get extra 15 disc_aeb651' is clicked on

19-12-2024T00:46:01 - [MESSAGE][PASSED] - Object: 'Object Repository/Page_Buy Furniture and Home decor Online , _0aaba7/img_End-of-Year Clearance Get extra 15 disc_aeb651' is clicked on

19-12-2024T00:46:01 - [TEST_STEP][PASSED] - click(findTestObject("Object Repository/Page_Buy Furniture and Home decor Online , _0aaba7/img_Shop By Category_undefined")): Object: 'Object Repository/Page_Buy Furniture and Home decor Online , _0aaba7/img_Shop By Category_undefined' is clicked on

19-12-2024T00:46:06 - [MESSAGE][PASSED] - Object: 'Object Repository/Page_Buy Furniture and Home decor Online , _0aaba7/img_Shop By Category_undefined' is clicked on

19-12-2024T00:46:06 - [TEST_STEP][PASSED] - click(findTestObject("Object Repository/Page_Buy Furniture and Home decor Online , _0aaba7/p_Full Kitchen")): Object: 'Object Repository/Page_Buy Furniture and Home decor Online , _0aaba7/p_Full Kitchen' is clicked on

19-12-2024T00:46:07 - [MESSAGE][PASSED] - Object: 'Object Repository/Page_Buy Furniture and Home decor Online , _0aaba7/p_Full Kitchen' is clicked on

19-12-2024T00:46:07 - [TEST_STEP][PASSED] - click(findTestObject("Object Repository/Page_/img")): Object: 'Object Repository/Page_/img' is clicked on

19-12-2024T00:46:10 - [MESSAGE][PASSED] - Object: 'Object Repository/Page_/img' is clicked on

19-12-2024T00:46:10 - [TEST_STEP][PASSED] - click(findTestObject("Object Repository/Page_HomzDesign - Quiz/div_Choose your kitchen color_sc-iwyWfK bOv_1b592f")): Object: 'Object Repository/Page_HomzDesign - Quiz/div_Choose your kitchen color_sc-iwyWfK bOv_1b592f' is clicked on

19-12-2024T00:46:12 - [MESSAGE][PASSED] - Object: 'Object Repository/Page_HomzDesign - Quiz/div_Choose your kitchen color_sc-iwyWfK bOv_1b592f' is clicked on

19-12-2024T00:46:12 - [TEST_STEP][PASSED] - click(findTestObject("Object Repository/Page_HomzDesign - Quiz/button_Next")): Object: 'Object Repository/Page_HomzDesign - Quiz/button_Next' is clicked on

19-12-2024T00:46:13 - [MESSAGE][PASSED] - Object: 'Object Repository/Page_HomzDesign - Quiz/button_Next' is clicked on

19-12-2024T00:46:13 - [TEST_STEP][PASSED] - click(findTestObject("Object Repository/Page_HomzDesign - Quiz/div_L-Shape")): Object: 'Object Repository/Page_HomzDesign - Quiz/div_L-Shape' is clicked on

19-12-2024T00:46:14 - [MESSAGE][PASSED] - Object: 'Object Repository/Page_HomzDesign - Quiz/div_L-Shape' is clicked on

19-12-2024T00:46:14 - [TEST_STEP][PASSED] - setText(findTestObject("Object Repository/Page_HomzDesign - Quiz/input_Ex Maadi Living Room_r0"), "TEst"): Text 'TEst' is set on object 'Object Repository/Page_HomzDesign - Quiz/input_Ex Maadi Living Room_r0'

19-12-2024T00:46:15 - [MESSAGE][PASSED] - Text 'TEst' is set on object 'Object Repository/Page_HomzDesign - Quiz/input_Ex Maadi Living Room_r0'

19-12-2024T00:46:15 - [TEST_STEP][PASSED] - click(findTestObject("Object Repository/Page_HomzDesign - Quiz/p_Go to my room")): Object: 'Object Repository/Page_HomzDesign - Quiz/p_Go to my room' is clicked on

19-12-2024T00:46:15 - [MESSAGE][PASSED] - Object: 'Object Repository/Page_HomzDesign - Quiz/p_Go to my room' is clicked on

19-12-2024T00:46:15 - [TEST_STEP][PASSED] - setText(findTestObject("Object Repository/Page_HomzDesign - Quiz/input_Enter your phone number or email_outlined-basic"), "qotb@gmail.com"): Text 'qotb@gmail.com' is set on object 'Object Repository/Page_HomzDesign - Quiz/input_Enter your phone number or email_outlined-basic'

19-12-2024T00:46:16 - [MESSAGE][PASSED] - Text 'qotb@gmail.com' is set on object 'Object Repository/Page_HomzDesign - Quiz/input_Enter your phone number or email_outlined-basic'

19-12-2024T00:46:16 - [TEST_STEP][PASSED] - click(findTestObject("Object Repository/Page_HomzDesign - Quiz/button_Continue")): Object: 'Object Repository/Page_HomzDesign - Quiz/button_Continue' is clicked on

19-12-2024T00:46:17 - [MESSAGE][PASSED] - Object: 'Object Repository/Page_HomzDesign - Quiz/button_Continue' is clicked on

19-12-2024T00:46:17 - [TEST_STEP][PASSED] - setEncryptedText(findTestObject("Object Repository/Page_HomzDesign - Quiz/input_Enter your password_outlined-basic"), "YYmZ1o1jXazmzPuWffRxnw=="): Text ****** has been set on object 'Object Repository/Page_HomzDesign - Quiz/input_Enter your password_outlined-basic'

19-12-2024T00:46:18 - [MESSAGE][PASSED] - Text ****** has been set on object 'Object Repository/Page_HomzDesign - Quiz/input_Enter your password_outlined-basic'

19-12-2024T00:46:18 - [TEST_STEP][PASSED] - click(findTestObject("Object Repository/Page_HomzDesign - Quiz/svg_Login_MuiSvgIcon-root MuiSvgIcon-fontSi_579575")): Object: 'Object Repository/Page_HomzDesign - Quiz/svg_Login_MuiSvgIcon-root MuiSvgIcon-fontSi_579575' is clicked on

19-12-2024T00:46:19 - [MESSAGE][PASSED] - Object: 'Object Repository/Page_HomzDesign - Quiz/svg_Login_MuiSvgIcon-root MuiSvgIcon-fontSi_579575' is clicked on]]></system-out>
         <system-err><![CDATA[]]></system-err>
      </testcase>
      <system-out><![CDATA[19-12-2024T00:45:52 - [TEST_SUITE][PASSED] - TS07_Customization_Tests: Test Cases/TC24_Design_Your_Kitchen]]></system-out>
      <system-err><![CDATA[]]></system-err>
   </testsuite>
</testsuites>
