<?xml version="1.0" encoding="UTF-8"?>
<testsuites name="TS05_Order_Management" time="89.466" tests="2" failures="0" errors="0">
   <testsuite name="TS05_Order_Management" tests="2" failures="0" errors="0" time="89.466" skipped="0" timestamp="19-12-2024T00:32:55" hostname="CompuMart - 192.168.47.1" id="Test Suites/TS05_Order_Management">
      <properties>
         <property name="deviceName" value=""/>
         <property name="devicePlatform"/>
         <property name="logFolder" value="C:\\Users\\CompuMart\\Desktop\\4.1\\442Quality\\Quality Project\\Katalon\\Reports\\20241219_003250\\TS05_Order_Management\\20241219_003250"/>
         <property name="logFiles" value="C:\\Users\\CompuMart\\Desktop\\4.1\\442Quality\\Quality Project\\Katalon\\Reports\\20241219_003250\\TS05_Order_Management\\20241219_003250\\execution0.log"/>
         <property name="attachments" value=""/>
         <property name="hostName" value="CompuMart - 192.168.47.1"/>
         <property name="os" value="Windows 11 64bit"/>
         <property name="katalonVersion" value="10.0.1.223"/>
         <property name="browser" value="Chrome 131.0.0.0"/>
         <property name="hostAddress" value="192.168.47.1"/>
         <property name="sessionId" value="878ca3a8736ab8e729ae310365df2e61"/>
         <property name="seleniumVersion" value="4.22.0"/>
         <property name="proxyInformation" value="ProxyInformation { proxyOption=NO_PROXY, proxyServerType=HTTP, username=, password=********, proxyServerAddress=, proxyServerPort=0, executionList=&quot;&quot;, isApplyToDesiredCapabilities=true }"/>
         <property name="platform" value="Windows 11"/>
      </properties>
      <testcase name="Test Cases/TC14_View_Wish_List" time="36.546" classname="Test Cases/TC14_View_Wish_List" status="PASSED">
         <system-out><![CDATA[19-12-2024T00:32:55 - [TEST_CASE][PASSED] - Test Cases/TC14_View_Wish_List: Test Cases/TC14_View_Wish_List

19-12-2024T00:32:55 - [TEST_STEP][PASSED] - openBrowser(""): Browser is opened with url: ''

19-12-2024T00:32:55 - [MESSAGE][INFO] - Starting 'Chrome' driver

19-12-2024T00:32:55 - [MESSAGE][INFO] - Action delay is set to 0 milliseconds

19-12-2024T00:32:57 - [MESSAGE][PASSED] - Browser is opened with url: ''

19-12-2024T00:32:57 - [TEST_STEP][PASSED] - navigateToUrl("https://homzmart.com/en"): Navigate to 'https://homzmart.com/en' successfully

19-12-2024T00:32:59 - [MESSAGE][PASSED] - Navigate to 'https://homzmart.com/en' successfully

19-12-2024T00:32:59 - [TEST_STEP][PASSED] - click(findTestObject("Object Repository/Page_Buy Furniture and Home decor Online , _0aaba7/p_My Account")): Object: 'Object Repository/Page_Buy Furniture and Home decor Online , _0aaba7/p_My Account' is clicked on

19-12-2024T00:33:03 - [MESSAGE][PASSED] - Object: 'Object Repository/Page_Buy Furniture and Home decor Online , _0aaba7/p_My Account' is clicked on

19-12-2024T00:33:03 - [TEST_STEP][PASSED] - click(findTestObject("Object Repository/Page_Buy Furniture and Home decor Online , _0aaba7/button_Sign in")): Object: 'Object Repository/Page_Buy Furniture and Home decor Online , _0aaba7/button_Sign in' is clicked on

19-12-2024T00:33:04 - [MESSAGE][PASSED] - Object: 'Object Repository/Page_Buy Furniture and Home decor Online , _0aaba7/button_Sign in' is clicked on

19-12-2024T00:33:04 - [TEST_STEP][PASSED] - setText(findTestObject("Object Repository/Page_/input_Enter your phone number or email_outl_281146"), "qota3er5b@gmail.com"): Text 'qota3er5b@gmail.com' is set on object 'Object Repository/Page_/input_Enter your phone number or email_outl_281146'

19-12-2024T00:33:20 - [MESSAGE][PASSED] - Text 'qota3er5b@gmail.com' is set on object 'Object Repository/Page_/input_Enter your phone number or email_outl_281146'

19-12-2024T00:33:20 - [TEST_STEP][PASSED] - click(findTestObject("Object Repository/Page_/button_Continue")): Object: 'Object Repository/Page_/button_Continue' is clicked on

19-12-2024T00:33:20 - [MESSAGE][PASSED] - Object: 'Object Repository/Page_/button_Continue' is clicked on

19-12-2024T00:33:20 - [TEST_STEP][PASSED] - setEncryptedText(findTestObject("Object Repository/Page_/input_Enter your password_outlined-basic"), "6KJkoHE/sDrMzjnwUVj344BcLI/3x6TS"): Text ****** has been set on object 'Object Repository/Page_/input_Enter your password_outlined-basic'

19-12-2024T00:33:21 - [MESSAGE][PASSED] - Text ****** has been set on object 'Object Repository/Page_/input_Enter your password_outlined-basic'

19-12-2024T00:33:21 - [TEST_STEP][PASSED] - click(findTestObject("Object Repository/Page_/svg_Login_MuiSvgIcon-root MuiSvgIcon-fontSi_579575")): Object: 'Object Repository/Page_/svg_Login_MuiSvgIcon-root MuiSvgIcon-fontSi_579575' is clicked on

19-12-2024T00:33:23 - [MESSAGE][PASSED] - Object: 'Object Repository/Page_/svg_Login_MuiSvgIcon-root MuiSvgIcon-fontSi_579575' is clicked on

19-12-2024T00:33:23 - [TEST_STEP][PASSED] - click(findTestObject("Object Repository/Page_/div_Skip")): Object: 'Object Repository/Page_/div_Skip' is clicked on

19-12-2024T00:33:25 - [MESSAGE][PASSED] - Object: 'Object Repository/Page_/div_Skip' is clicked on

19-12-2024T00:33:25 - [TEST_STEP][PASSED] - click(findTestObject("Object Repository/Page_Buy Furniture and Home decor Online , _0aaba7/div_Hi, FirstName.My Account")): Object: 'Object Repository/Page_Buy Furniture and Home decor Online , _0aaba7/div_Hi, FirstName.My Account' is clicked on

19-12-2024T00:33:31 - [MESSAGE][PASSED] - Object: 'Object Repository/Page_Buy Furniture and Home decor Online , _0aaba7/div_Hi, FirstName.My Account' is clicked on

19-12-2024T00:33:31 - [TEST_STEP][PASSED] - click(findTestObject("Object Repository/Page_Buy Furniture and Home decor Online , _0aaba7/p_Wishlist")): Object: 'Object Repository/Page_Buy Furniture and Home decor Online , _0aaba7/p_Wishlist' is clicked on

19-12-2024T00:33:31 - [MESSAGE][PASSED] - Object: 'Object Repository/Page_Buy Furniture and Home decor Online , _0aaba7/p_Wishlist' is clicked on]]></system-out>
         <system-err><![CDATA[]]></system-err>
      </testcase>
      <testcase name="Test Cases/TC13_View_My_Orders" time="52.741" classname="Test Cases/TC13_View_My_Orders" status="PASSED">
         <system-out><![CDATA[19-12-2024T00:33:31 - [TEST_CASE][PASSED] - Test Cases/TC13_View_My_Orders: Test Cases/TC13_View_My_Orders

19-12-2024T00:33:31 - [TEST_STEP][PASSED] - openBrowser(""): Browser is opened with url: ''

19-12-2024T00:33:31 - [MESSAGE][WARNING] - A browser is already opened. Closing browser and opening a new one

19-12-2024T00:33:32 - [MESSAGE][INFO] - Starting 'Chrome' driver

19-12-2024T00:33:32 - [MESSAGE][INFO] - Action delay is set to 0 milliseconds

19-12-2024T00:33:33 - [MESSAGE][PASSED] - Browser is opened with url: ''

19-12-2024T00:33:33 - [TEST_STEP][PASSED] - navigateToUrl("https://homzmart.com/en"): Navigate to 'https://homzmart.com/en' successfully

19-12-2024T00:33:34 - [MESSAGE][PASSED] - Navigate to 'https://homzmart.com/en' successfully

19-12-2024T00:33:34 - [TEST_STEP][PASSED] - click(findTestObject("Object Repository/Page_Buy Furniture and Home decor Online , _0aaba7/p_My Account")): Object: 'Object Repository/Page_Buy Furniture and Home decor Online , _0aaba7/p_My Account' is clicked on

19-12-2024T00:33:43 - [MESSAGE][PASSED] - Object: 'Object Repository/Page_Buy Furniture and Home decor Online , _0aaba7/p_My Account' is clicked on

19-12-2024T00:33:43 - [TEST_STEP][PASSED] - click(findTestObject("Object Repository/Page_Buy Furniture and Home decor Online , _0aaba7/button_Sign in")): Object: 'Object Repository/Page_Buy Furniture and Home decor Online , _0aaba7/button_Sign in' is clicked on

19-12-2024T00:33:44 - [MESSAGE][PASSED] - Object: 'Object Repository/Page_Buy Furniture and Home decor Online , _0aaba7/button_Sign in' is clicked on

19-12-2024T00:33:44 - [TEST_STEP][PASSED] - setText(findTestObject("Object Repository/Page_/input_Enter your phone number or email_outl_281146"), "test777@gmail.com"): Text 'test777@gmail.com' is set on object 'Object Repository/Page_/input_Enter your phone number or email_outl_281146'

19-12-2024T00:33:58 - [MESSAGE][PASSED] - Text 'test777@gmail.com' is set on object 'Object Repository/Page_/input_Enter your phone number or email_outl_281146'

19-12-2024T00:33:58 - [TEST_STEP][PASSED] - click(findTestObject("Object Repository/Page_/button_Continue")): Object: 'Object Repository/Page_/button_Continue' is clicked on

19-12-2024T00:33:58 - [MESSAGE][PASSED] - Object: 'Object Repository/Page_/button_Continue' is clicked on

19-12-2024T00:33:58 - [TEST_STEP][PASSED] - setEncryptedText(findTestObject("Object Repository/Page_/input_Enter your password_outlined-basic"), "aP/zuRNtJbw="): Text ****** has been set on object 'Object Repository/Page_/input_Enter your password_outlined-basic'

19-12-2024T00:34:11 - [MESSAGE][PASSED] - Text ****** has been set on object 'Object Repository/Page_/input_Enter your password_outlined-basic'

19-12-2024T00:34:11 - [TEST_STEP][PASSED] - click(findTestObject("Object Repository/Page_/button_Login")): Object: 'Object Repository/Page_/button_Login' is clicked on

19-12-2024T00:34:11 - [MESSAGE][PASSED] - Object: 'Object Repository/Page_/button_Login' is clicked on

19-12-2024T00:34:11 - [TEST_STEP][PASSED] - click(findTestObject("Object Repository/Page_/div_Skip")): Object: 'Object Repository/Page_/div_Skip' is clicked on

19-12-2024T00:34:13 - [MESSAGE][PASSED] - Object: 'Object Repository/Page_/div_Skip' is clicked on

19-12-2024T00:34:13 - [TEST_STEP][PASSED] - click(findTestObject("Object Repository/Page_Buy Furniture and Home decor Online , _0aaba7/div_Hi, testMy Account")): Object: 'Object Repository/Page_Buy Furniture and Home decor Online , _0aaba7/div_Hi, testMy Account' is clicked on

19-12-2024T00:34:20 - [MESSAGE][PASSED] - Object: 'Object Repository/Page_Buy Furniture and Home decor Online , _0aaba7/div_Hi, testMy Account' is clicked on

19-12-2024T00:34:20 - [TEST_STEP][PASSED] - click(findTestObject("Object Repository/Page_Buy Furniture and Home decor Online , _0aaba7/p_My Orders")): Object: 'Object Repository/Page_Buy Furniture and Home decor Online , _0aaba7/p_My Orders' is clicked on

19-12-2024T00:34:24 - [MESSAGE][PASSED] - Object: 'Object Repository/Page_Buy Furniture and Home decor Online , _0aaba7/p_My Orders' is clicked on]]></system-out>
         <system-err><![CDATA[]]></system-err>
      </testcase>
      <system-out><![CDATA[19-12-2024T00:32:55 - [TEST_SUITE][PASSED] - TS05_Order_Management: Test Cases/TC13_View_My_Orders]]></system-out>
      <system-err><![CDATA[]]></system-err>
   </testsuite>
</testsuites>
